#
# A fatal error has been detected by the Java Runtime Environment:
#
#  SIGSEGV (0xb) at pc=0x00007fff6e3df69d, pid=16422, tid=0x0000000000000307
#
# JRE version: OpenJDK Runtime Environment (8.0_152-b26) (build 1.8.0_152-release-1343-b26)
# Java VM: OpenJDK 64-Bit Server VM (25.152-b26 mixed mode bsd-amd64 compressed oops)
# Problematic frame:
# C  [libobjc.A.dylib+0x669d]  objc_msgSend+0x1d
#
# Failed to write core dump. Core dumps have been disabled. To enable core dumping, try "ulimit -c unlimited" before starting Java again
#
# If you would like to submit a bug report, please visit:
#   http://bugreport.java.com/bugreport/crash.jsp
# The crash happened outside the Java Virtual Machine in native code.
# See problematic frame for where to report the bug.
#

---------------  T H R E A D  ---------------

Current thread (0x00007f958c1ff800):  JavaThread "AWT-AppKit" daemon [_thread_in_native, id=775, stack(0x00007ffee19eb000,0x00007ffee21eb000)]

siginfo: si_signo: 11 (SIGSEGV), si_code: 1 (SEGV_MAPERR), si_addr: 0x00003bf5e2dd1c98

Registers:
RAX=0x0000000000000000, RBX=0x0000600008371c80, RCX=0x0000000000000000, RDX=0x0000000000000000
RSP=0x00007ffee21e7f38, RBP=0x00007ffee21e7f80, RSI=0x00007fff41e2c2b7, RDI=0x0000600008371c80
R8 =0x0000000000000001, R9 =0x0000000000000001, R10=0x00003bf5e2dd1c80, R11=0x00007fff41e2c2b7
R12=0x00006000016943c0, R13=0x0000000000000000, R14=0x00007fff6e3df680, R15=0x0000000000000030
RIP=0x00007fff6e3df69d, EFLAGS=0x0000000000010202, ERR=0x0000000000000004
  TRAPNO=0x000000000000000e

Top of Stack: (sp=0x00007ffee21e7f38)
0x00007ffee21e7f38:   00007fff41858c36 0000000000000000
0x00007ffee21e7f48:   00006000010fc800 00006000013302d0
0x00007ffee21e7f58:   00007fff6e3df680 00006000010fc800
0x00007ffee21e7f68:   00007fff41de7946 0000000000000001
0x00007ffee21e7f78:   00007fff41de1208 00007ffee21e7fc0
0x00007ffee21e7f88:   00007fff41d883ee 00007ffee21e8188
0x00007ffee21e7f98:   0000000000000088 00007fff6e3df680
0x00007ffee21e7fa8:   00007fff41e0c71c 00007fff41de0b82
0x00007ffee21e7fb8:   00007ffee21e8168 00007ffee21e8120
0x00007ffee21e7fc8:   00007fff413e02ad 00007ffee21e8080
0x00007ffee21e7fd8:   00007fff6fd677b9 00007ffee21e8010
0x00007ffee21e7fe8:   f6ba400070001000 00007f95933fffff
0x00007ffee21e7ff8:   0000600001489450 00007fffa6196420
0x00007ffee21e8008:   000060000836c4d8 00007ffe00000002
0x00007ffee21e8018:   00007fff6e3e40d6 00007fffa6196408
0x00007ffee21e8028:   00007fffa6196400 0000000000000000
0x00007ffee21e8038:   00007ffee21e8050 00006000010fed00
0x00007ffee21e8048:   0000000000000001 000000012468b080
0x00007ffee21e8058:   0000000000000001 0000000000000000
0x00007ffee21e8068:   0000000000000000 4096800000000000
0x00007ffee21e8078:   4089680000000000 00007ffee21e80b0
0x00007ffee21e8088:   00007fff9e888b98 0000000000000001
0x00007ffee21e8098:   000000012468a000 4058800000000000
0x00007ffee21e80a8:   4028000000000000 4096800000000000
0x00007ffee21e80b8:   408a180000000000 4058800000000000
0x00007ffee21e80c8:   4028000000000000 4096800000000000
0x00007ffee21e80d8:   408a180000000000 00007ffee21e8120
0x00007ffee21e80e8:   00007ffee21e8188 0000000000000002
0x00007ffee21e80f8:   0000000000000003 0000000000000080
0x00007ffee21e8108:   00007fff6e3df680 00007ffee21e8168
0x00007ffee21e8118:   0000000000000001 00007ffee21e8150
0x00007ffee21e8128:   00007fff41295990 000000000000000f 

Instructions: (pc=0x00007fff6e3df69d)
0x00007fff6e3df67d:   0f 1f 00 48 85 ff 2e 74 62 40 f6 c7 01 2e 75 66
0x00007fff6e3df68d:   49 ba f8 ff ff ff ff 7f 00 00 4c 23 17 49 89 f3
0x00007fff6e3df69d:   45 23 5a 18 49 c1 e3 04 4d 03 5a 10 49 3b 33 75
0x00007fff6e3df6ad:   04 41 ff 63 08 49 83 3b 01 76 0d 49 83 c3 10 49 

Register to memory mapping:

RAX=0x0000000000000000 is an unknown value
RBX=0x0000600008371c80 is an unknown value
RCX=0x0000000000000000 is an unknown value
RDX=0x0000000000000000 is an unknown value
RSP=0x00007ffee21e7f38 is pointing into the stack for thread: 0x00007f958c1ff800
RBP=0x00007ffee21e7f80 is pointing into the stack for thread: 0x00007f958c1ff800
RSI=0x00007fff41e2c2b7: GCC_except_table7+0x4bc1b in /System/Library/Frameworks/AppKit.framework/Versions/C/AppKit at 0x00007fff41243000
RDI=0x0000600008371c80 is an unknown value
R8 =0x0000000000000001 is an unknown value
R9 =0x0000000000000001 is an unknown value
R10=0x00003bf5e2dd1c80 is an unknown value
R11=0x00007fff41e2c2b7: GCC_except_table7+0x4bc1b in /System/Library/Frameworks/AppKit.framework/Versions/C/AppKit at 0x00007fff41243000
R12=0x00006000016943c0 is an unknown value
R13=0x0000000000000000 is an unknown value
R14=0x00007fff6e3df680: objc_msgSend+0 in /usr/lib/libobjc.A.dylib at 0x00007fff6e3d9000
R15=0x0000000000000030 is an unknown value


Stack: [0x00007ffee19eb000,0x00007ffee21eb000],  sp=0x00007ffee21e7f38,  free space=8179k
Native frames: (J=compiled Java code, j=interpreted, Vv=VM code, C=native code)
C  [libobjc.A.dylib+0x669d]  objc_msgSend+0x1d
C  [AppKit+0xb453ee]  -[NSWindow(NSFullScreen) _fullScreenStatusChanged]+0xa2
C  [AppKit+0x19d2ad]  __25-[NSWindow setStyleMask:]_block_invoke+0x783
C  [AppKit+0x52990]  NSPerformVisuallyAtomicChange+0x84
C  [AppKit+0x19cadf]  -[NSWindow setStyleMask:]+0xb8
C  [AppKit+0x586af9]  __82-[_NSWindowEnterFullScreenTransitionController setupWindowForAfterFullScreenEnter]_block_invoke+0x7b
C  [AppKit+0x52990]  NSPerformVisuallyAtomicChange+0x84
C  [AppKit+0x586a75]  -[_NSWindowEnterFullScreenTransitionController setupWindowForAfterFullScreenEnter]+0xa3
C  [AppKit+0x9aeeb5]  -[_NSEnterFullScreenTransitionController start]+0x16e
C  [AppKit+0x587fac]  -[_NSWindowEnterFullScreenTransitionController start]+0x16e
C  [AppKit+0xafe63d]  -[_NSFullScreenSpace(Transitions) startTransition:]+0x91
C  [libawt_lwawt.dylib+0xe0a0]  __Java_sun_lwawt_macosx_CPlatformWindow__1toggleFullScreenMode_block_invoke_1+0x6a
C  [JavaNativeFoundation+0x6fce]  +[JNFRunLoop _performCopiedBlock:]+0x11
C  [Foundation+0xb0302]  __NSThreadPerformPerform+0x148
C  [CoreFoundation+0x57683]  __CFRUNLOOP_IS_CALLING_OUT_TO_A_SOURCE0_PERFORM_FUNCTION__+0x11
C  [CoreFoundation+0x57629]  __CFRunLoopDoSource0+0x6c
C  [CoreFoundation+0x3b043]  __CFRunLoopDoSources0+0x11b
C  [CoreFoundation+0x3a5b5]  __CFRunLoopRun+0x4a5
C  [CoreFoundation+0x39ebe]  CFRunLoopRunSpecific+0x1c7
C  [HIToolbox+0xb1ab]  RunCurrentEventLoopInMode+0x124
C  [HIToolbox+0xaded]  ReceiveNextEventCommon+0x163
C  [HIToolbox+0xac76]  _BlockUntilNextEventMatchingListInModeWithFilter+0x40
C  [AppKit+0x1a79d]  _DPSNextEvent+0x46f
C  [AppKit+0x1948b]  -[NSApplication(NSEvent) _nextEventMatchingEventMask:untilDate:inMode:dequeue:]+0x551
C  [libosxapp.dylib+0x235e]  -[NSApplicationAWT nextEventMatchingMask:untilDate:inMode:dequeue:]+0x7c
C  [AppKit+0x135a8]  -[NSApplication run]+0x2bb
C  [libosxapp.dylib+0x2101]  +[NSApplicationAWT runAWTLoopWithApp:]+0x9c
C  [libawt_lwawt.dylib+0x4a387]  -[AWTStarter starter:]+0x389
C  [Foundation+0xb0302]  __NSThreadPerformPerform+0x148
C  [CoreFoundation+0x57683]  __CFRUNLOOP_IS_CALLING_OUT_TO_A_SOURCE0_PERFORM_FUNCTION__+0x11
C  [CoreFoundation+0x57629]  __CFRunLoopDoSource0+0x6c
C  [CoreFoundation+0x3afeb]  __CFRunLoopDoSources0+0xc3
C  [CoreFoundation+0x3a5b5]  __CFRunLoopRun+0x4a5
C  [CoreFoundation+0x39ebe]  CFRunLoopRunSpecific+0x1c7
C  [idea+0xe0d]  main+0x150
C  [libdyld.dylib+0x163d5]  start+0x1
C  0x0000000000000001


---------------  P R O C E S S  ---------------

Java Threads: ( => current thread )
  0x00007f9592880000 JavaThread "JobScheduler FJ pool 1/7" daemon [_thread_blocked, id=128911, stack(0x000070000898f000,0x0000700008a8f000)]
  0x00007f95970d7000 JavaThread "JobScheduler FJ pool 0/7" daemon [_thread_blocked, id=134227, stack(0x000070000888c000,0x000070000898c000)]
  0x00007f958ef28800 JavaThread "RefreshQueue Pool" daemon [_thread_in_native, id=140367, stack(0x0000700006e5f000,0x0000700006f5f000)]
  0x00007f958c3c9800 JavaThread "ApplicationImpl pooled thread 278" daemon [_thread_blocked, id=122487, stack(0x00007000079b4000,0x0000700007ab4000)]
  0x00007f9593b37000 JavaThread "ApplicationImpl pooled thread 276" daemon [_thread_blocked, id=129395, stack(0x0000700008455000,0x0000700008555000)]
  0x00007f958c8f5800 JavaThread "ApplicationImpl pooled thread 273" daemon [_thread_blocked, id=116035, stack(0x0000700008558000,0x0000700008658000)]
  0x00007f958d5c8000 JavaThread "ApplicationImpl pooled thread 267" daemon [_thread_blocked, id=158711, stack(0x000070000747a000,0x000070000757a000)]
  0x00007f95910b0800 JavaThread "ApplicationImpl pooled thread 257" daemon [_thread_blocked, id=60347, stack(0x00007000075a8000,0x00007000076a8000)]
  0x00007f95971d3800 JavaThread "Process I/O pool 16" [_thread_blocked, id=128271, stack(0x0000700008f24000,0x0000700009024000)]
  0x00007f958caa6000 JavaThread "process reaper" daemon [_thread_blocked, id=139567, stack(0x000070000716b000,0x0000700007193000)]
  0x00007f95915a9800 JavaThread "Process I/O pool 13" [_thread_blocked, id=171355, stack(0x000070000922d000,0x000070000932d000)]
  0x00007f9591ca9800 JavaThread "Process I/O pool 7" [_thread_blocked, id=163851, stack(0x0000700009a42000,0x0000700009b42000)]
  0x00007f958c81a800 JavaThread "TimerQueue" daemon [_thread_blocked, id=90379, stack(0x0000700008789000,0x0000700008889000)]
  0x00007f958b9f4000 JavaThread "Netty Builtin Server 2" [_thread_in_native, id=88335, stack(0x0000700008352000,0x0000700008452000)]
  0x00007f958f0c4000 JavaThread "FeatureUsageFileEventLogger" daemon [_thread_blocked, id=62767, stack(0x000070000814c000,0x000070000824c000)]
  0x00007f958b891800 JavaThread "BaseDataReader: error stream of fsnotifier" [_thread_in_native, id=62979, stack(0x0000700008049000,0x0000700008149000)]
  0x00007f9591872800 JavaThread "BaseDataReader: output stream of fsnotifier" [_thread_in_native, id=61699, stack(0x0000700007f46000,0x0000700008046000)]
  0x00007f958be0e800 JavaThread "fsnotifier" [_thread_blocked, id=63579, stack(0x0000700007e43000,0x0000700007f43000)]
  0x00007f958c1a6000 JavaThread "AWT-SelectorPerformer pool-2-thread-1" daemon [_thread_blocked, id=40711, stack(0x0000700006d5c000,0x0000700006e5c000)]
  0x00007f958c217000 JavaThread "AWT-EventQueue-0 2018.3.3#IC-183.5153.38 IDEA, eap:false, os:Mac OS X 10.14.6, java-version:JetBrains s.r.o 1.8.0_152-release-1343-b26" [_thread_in_native, id=67331, stack(0x0000700007cbd000,0x0000700007dbd000)]
  0x00007f958c3d4800 JavaThread "AWT-Shutdown" [_thread_blocked, id=59099, stack(0x0000700007bba000,0x0000700007cba000)]
  0x00007f958c207000 JavaThread "Timer-0" daemon [_thread_blocked, id=33847, stack(0x0000700006f65000,0x0000700007065000)]
  0x00007f958e350800 JavaThread "MarlinRenderer Disposer" daemon [_thread_blocked, id=58115, stack(0x0000700007ab7000,0x0000700007bb7000)]
  0x00007f958c374800 JavaThread "Batik CleanerThread" daemon [_thread_blocked, id=68627, stack(0x00007000078b1000,0x00007000079b1000)]
  0x00007f958c35b800 JavaThread "Java2D Disposer" daemon [_thread_blocked, id=69123, stack(0x00007000077ae000,0x00007000078ae000)]
  0x00007f958bb98800 JavaThread "Java2D Queue Flusher" daemon [_thread_blocked, id=70919, stack(0x00007000076ab000,0x00007000077ab000)]
  0x00007f958d284800 JavaThread "process reaper" daemon [_thread_in_native, id=71683, stack(0x000070000757d000,0x00007000075a5000)]
  0x00007f958c29b000 JavaThread "Periodic tasks thread" daemon [_thread_blocked, id=72207, stack(0x0000700007377000,0x0000700007477000)]
  0x00007f958d282000 JavaThread "Netty Builtin Server 1" [_thread_in_native, id=55823, stack(0x0000700007274000,0x0000700007374000)]
=>0x00007f958c1ff800 JavaThread "AWT-AppKit" daemon [_thread_in_native, id=775, stack(0x00007ffee19eb000,0x00007ffee21eb000)]
  0x00007f958c197800 JavaThread "DestroyJavaVM" [_thread_blocked, id=7427, stack(0x0000700004f17000,0x0000700005717000)]
  0x00007f958c02e000 JavaThread "Service Thread" daemon [_thread_blocked, id=41731, stack(0x0000700006b56000,0x0000700006c56000)]
  0x00007f958c01b800 JavaThread "C1 CompilerThread3" daemon [_thread_blocked, id=42243, stack(0x0000700006a53000,0x0000700006b53000)]
  0x00007f958c01a800 JavaThread "C2 CompilerThread2" daemon [_thread_blocked, id=42755, stack(0x0000700006950000,0x0000700006a50000)]
  0x00007f958c01a000 JavaThread "C2 CompilerThread1" daemon [_thread_blocked, id=43267, stack(0x000070000684d000,0x000070000694d000)]
  0x00007f958c019000 JavaThread "C2 CompilerThread0" daemon [_thread_in_native, id=21763, stack(0x000070000674a000,0x000070000684a000)]
  0x00007f958c018800 JavaThread "Signal Dispatcher" daemon [_thread_blocked, id=16899, stack(0x0000700006647000,0x0000700006747000)]
  0x00007f958c003800 JavaThread "Surrogate Locker Thread (Concurrent GC)" daemon [_thread_blocked, id=17923, stack(0x0000700006544000,0x0000700006644000)]
  0x00007f958e035000 JavaThread "Finalizer" daemon [_thread_blocked, id=16131, stack(0x0000700006441000,0x0000700006541000)]
  0x00007f958e032000 JavaThread "Reference Handler" daemon [_thread_blocked, id=15875, stack(0x000070000633e000,0x000070000643e000)]

Other Threads:
  0x00007f958e02f800 VMThread [stack: 0x000070000623b000,0x000070000633b000] [id=15363]
  0x00007f958c02f800 WatcherThread [stack: 0x0000700006c59000,0x0000700006d59000] [id=41219]

VM state:not at safepoint (normal execution)

VM Mutex/Monitor currently owned by a thread: None

Heap:
 par new generation   total 39296K, used 17080K [0x0000000791200000, 0x0000000793ca0000, 0x00000007a0c00000)
  eden space 34944K,  47% used [0x0000000791200000, 0x000000079221aac8, 0x0000000793420000)
  from space 4352K,  13% used [0x0000000793420000, 0x00000007934b3798, 0x0000000793860000)
  to   space 4352K,   0% used [0x0000000793860000, 0x0000000793860000, 0x0000000793ca0000)
 concurrent mark-sweep generation total 210400K, used 146975K [0x00000007a0c00000, 0x00000007ad978000, 0x00000007c0000000)
 Metaspace       used 246048K, capacity 261786K, committed 262048K, reserved 1280000K
  class space    used 29553K, capacity 32388K, committed 32492K, reserved 1048576K

Card table byte_map: [0x00000001103b2000,0x000000011052a000] byte_map_base: 0x000000010c729000

Marking Bits: (CMSBitMap*) 0x00007f958b80b348
 Bits: [0x0000000110e72000, 0x0000000111642000)

Mod Union Table: (CMSBitMap*) 0x00007f958b80b408
 Bits: [0x0000000111643000, 0x0000000111662400)

Polling page: 0x000000010ffe0000

CodeCache: size=245760Kb used=169692Kb max_used=170377Kb free=76067Kb
 bounds [0x0000000112a4a000, 0x000000011d21a000, 0x0000000121a4a000]
 total_blobs=42243 nmethods=40927 adapters=1223
 compilation: enabled

Compilation events (10 events):
Event: 32157.780 Thread 0x00007f958c01b800 60758       3       com.intellij.psi.AbstractFileViewProvider::invalidateCachedPsi (49 bytes)
Event: 32157.782 Thread 0x00007f958c01b800 nmethod 60758 0x0000000119440950 code [0x0000000119440b40, 0x0000000119441448]
Event: 32157.805 Thread 0x00007f958c01b800 60759       3       com.intellij.psi.AbstractFileViewProvider::forKnownCopies (78 bytes)
Event: 32157.806 Thread 0x00007f958c01b800 nmethod 60759 0x0000000116c7c850 code [0x0000000116c7ca80, 0x0000000116c7d628]
Event: 32157.823 Thread 0x00007f958c01b800 60760       3       com.intellij.psi.AbstractFileViewProvider::markInvalidated (15 bytes)
Event: 32157.823 Thread 0x00007f958c01b800 nmethod 60760 0x0000000114bbf590 code [0x0000000114bbf740, 0x0000000114bbfc38]
Event: 32157.845 Thread 0x00007f958c01b800 60761       3       com.intellij.psi.AbstractFileViewProvider$$Lambda$1407/1949683519::get$Lambda (9 bytes)
Event: 32157.845 Thread 0x00007f958c01b800 nmethod 60761 0x00000001167c46d0 code [0x00000001167c4840, 0x00000001167c4a90]
Event: 32157.865 Thread 0x00007f958c01b800 60756       1       io.netty.buffer.PooledUnsafeDirectByteBuf::hasArray (2 bytes)
Event: 32157.865 Thread 0x00007f958c01b800 nmethod 60756 0x0000000119440610 code [0x0000000119440760, 0x0000000119440870]

GC Heap History (10 events):
Event: 17738.641 GC heap before
{Heap before GC invocations=851 (full 10):
 par new generation   total 39296K, used 35860K [0x0000000791200000, 0x0000000793ca0000, 0x00000007a0c00000)
  eden space 34944K, 100% used [0x0000000791200000, 0x0000000793420000, 0x0000000793420000)
  from space 4352K,  21% used [0x0000000793860000, 0x0000000793945010, 0x0000000793ca0000)
  to   space 4352K,   0% used [0x0000000793420000, 0x0000000793420000, 0x0000000793860000)
 concurrent mark-sweep generation total 210400K, used 146644K [0x00000007a0c00000, 0x00000007ad978000, 0x00000007c0000000)
 Metaspace       used 245811K, capacity 261398K, committed 261664K, reserved 1277952K
  class space    used 29517K, capacity 32334K, committed 32364K, reserved 1048576K
Event: 17738.691 GC heap after
Heap after GC invocations=852 (full 10):
 par new generation   total 39296K, used 1073K [0x0000000791200000, 0x0000000793ca0000, 0x00000007a0c00000)
  eden space 34944K,   0% used [0x0000000791200000, 0x0000000791200000, 0x0000000793420000)
  from space 4352K,  24% used [0x0000000793420000, 0x000000079352c468, 0x0000000793860000)
  to   space 4352K,   0% used [0x0000000793860000, 0x0000000793860000, 0x0000000793ca0000)
 concurrent mark-sweep generation total 210400K, used 146644K [0x00000007a0c00000, 0x00000007ad978000, 0x00000007c0000000)
 Metaspace       used 245811K, capacity 261398K, committed 261664K, reserved 1277952K
  class space    used 29517K, capacity 32334K, committed 32364K, reserved 1048576K
}
Event: 17966.880 GC heap before
{Heap before GC invocations=852 (full 10):
 par new generation   total 39296K, used 36017K [0x0000000791200000, 0x0000000793ca0000, 0x00000007a0c00000)
  eden space 34944K, 100% used [0x0000000791200000, 0x0000000793420000, 0x0000000793420000)
  from space 4352K,  24% used [0x0000000793420000, 0x000000079352c468, 0x0000000793860000)
  to   space 4352K,   0% used [0x0000000793860000, 0x0000000793860000, 0x0000000793ca0000)
 concurrent mark-sweep generation total 210400K, used 146644K [0x00000007a0c00000, 0x00000007ad978000, 0x00000007c0000000)
 Metaspace       used 245858K, capacity 261486K, committed 261664K, reserved 1277952K
  class space    used 29524K, capacity 32348K, committed 32364K, reserved 1048576K
Event: 17966.890 GC heap after
Heap after GC invocations=853 (full 10):
 par new generation   total 39296K, used 660K [0x0000000791200000, 0x0000000793ca0000, 0x00000007a0c00000)
  eden space 34944K,   0% used [0x0000000791200000, 0x0000000791200000, 0x0000000793420000)
  from space 4352K,  15% used [0x0000000793860000, 0x0000000793905140, 0x0000000793ca0000)
  to   space 4352K,   0% used [0x0000000793420000, 0x0000000793420000, 0x0000000793860000)
 concurrent mark-sweep generation total 210400K, used 146644K [0x00000007a0c00000, 0x00000007ad978000, 0x00000007c0000000)
 Metaspace       used 245858K, capacity 261486K, committed 261664K, reserved 1277952K
  class space    used 29524K, capacity 32348K, committed 32364K, reserved 1048576K
}
Event: 20135.489 GC heap before
{Heap before GC invocations=853 (full 10):
 par new generation   total 39296K, used 35604K [0x0000000791200000, 0x0000000793ca0000, 0x00000007a0c00000)
  eden space 34944K, 100% used [0x0000000791200000, 0x0000000793420000, 0x0000000793420000)
  from space 4352K,  15% used [0x0000000793860000, 0x0000000793905140, 0x0000000793ca0000)
  to   space 4352K,   0% used [0x0000000793420000, 0x0000000793420000, 0x0000000793860000)
 concurrent mark-sweep generation total 210400K, used 146644K [0x00000007a0c00000, 0x00000007ad978000, 0x00000007c0000000)
 Metaspace       used 245968K, capacity 261748K, committed 262048K, reserved 1280000K
  class space    used 29542K, capacity 32381K, committed 32492K, reserved 1048576K
Event: 20135.542 GC heap after
Heap after GC invocations=854 (full 10):
 par new generation   total 39296K, used 752K [0x0000000791200000, 0x0000000793ca0000, 0x00000007a0c00000)
  eden space 34944K,   0% used [0x0000000791200000, 0x0000000791200000, 0x0000000793420000)
  from space 4352K,  17% used [0x0000000793420000, 0x00000007934dc2c0, 0x0000000793860000)
  to   space 4352K,   0% used [0x0000000793860000, 0x0000000793860000, 0x0000000793ca0000)
 concurrent mark-sweep generation total 210400K, used 146644K [0x00000007a0c00000, 0x00000007ad978000, 0x00000007c0000000)
 Metaspace       used 245968K, capacity 261748K, committed 262048K, reserved 1280000K
  class space    used 29542K, capacity 32381K, committed 32492K, reserved 1048576K
}
Event: 28410.895 GC heap before
{Heap before GC invocations=854 (full 10):
 par new generation   total 39296K, used 35696K [0x0000000791200000, 0x0000000793ca0000, 0x00000007a0c00000)
  eden space 34944K, 100% used [0x0000000791200000, 0x0000000793420000, 0x0000000793420000)
  from space 4352K,  17% used [0x0000000793420000, 0x00000007934dc2c0, 0x0000000793860000)
  to   space 4352K,   0% used [0x0000000793860000, 0x0000000793860000, 0x0000000793ca0000)
 concurrent mark-sweep generation total 210400K, used 146644K [0x00000007a0c00000, 0x00000007ad978000, 0x00000007c0000000)
 Metaspace       used 245983K, capacity 261760K, committed 262048K, reserved 1280000K
  class space    used 29543K, capacity 32383K, committed 32492K, reserved 1048576K
Event: 28411.024 GC heap after
Heap after GC invocations=855 (full 10):
 par new generation   total 39296K, used 940K [0x0000000791200000, 0x0000000793ca0000, 0x00000007a0c00000)
  eden space 34944K,   0% used [0x0000000791200000, 0x0000000791200000, 0x0000000793420000)
  from space 4352K,  21% used [0x0000000793860000, 0x000000079394b1f0, 0x0000000793ca0000)
  to   space 4352K,   0% used [0x0000000793420000, 0x0000000793420000, 0x0000000793860000)
 concurrent mark-sweep generation total 210400K, used 146645K [0x00000007a0c00000, 0x00000007ad978000, 0x00000007c0000000)
 Metaspace       used 245983K, capacity 261760K, committed 262048K, reserved 1280000K
  class space    used 29543K, capacity 32383K, committed 32492K, reserved 1048576K
}
Event: 32155.341 GC heap before
{Heap before GC invocations=855 (full 10):
 par new generation   total 39296K, used 35884K [0x0000000791200000, 0x0000000793ca0000, 0x00000007a0c00000)
  eden space 34944K, 100% used [0x0000000791200000, 0x0000000793420000, 0x0000000793420000)
  from space 4352K,  21% used [0x0000000793860000, 0x000000079394b1f0, 0x0000000793ca0000)
  to   space 4352K,   0% used [0x0000000793420000, 0x0000000793420000, 0x0000000793860000)
 concurrent mark-sweep generation total 210400K, used 146645K [0x00000007a0c00000, 0x00000007ad978000, 0x00000007c0000000)
 Metaspace       used 246020K, capacity 261760K, committed 262048K, reserved 1280000K
  class space    used 29548K, capacity 32383K, committed 32492K, reserved 1048576K
Event: 32155.407 GC heap after
Heap after GC invocations=856 (full 10):
 par new generation   total 39296K, used 589K [0x0000000791200000, 0x0000000793ca0000, 0x00000007a0c00000)
  eden space 34944K,   0% used [0x0000000791200000, 0x0000000791200000, 0x0000000793420000)
  from space 4352K,  13% used [0x0000000793420000, 0x00000007934b3798, 0x0000000793860000)
  to   space 4352K,   0% used [0x0000000793860000, 0x0000000793860000, 0x0000000793ca0000)
 concurrent mark-sweep generation total 210400K, used 146975K [0x00000007a0c00000, 0x00000007ad978000, 0x00000007c0000000)
 Metaspace       used 246020K, capacity 261760K, committed 262048K, reserved 1280000K
  class space    used 29548K, capacity 32383K, committed 32492K, reserved 1048576K
}

Deoptimization events (10 events):
Event: 32157.767 Thread 0x00007f958c217000 Uncommon trap: reason=bimorphic action=maybe_recompile pc=0x000000011969bfec method=java.util.Collections$SetFromMap.iterator()Ljava/util/Iterator; @ 4
Event: 32157.767 Thread 0x00007f958c217000 Uncommon trap: reason=bimorphic action=maybe_recompile pc=0x000000011969bfec method=java.util.Collections$SetFromMap.iterator()Ljava/util/Iterator; @ 4
Event: 32157.776 Thread 0x00007f958c217000 Uncommon trap: reason=unstable_if action=reinterpret pc=0x000000011776966c method=com.intellij.openapi.wm.impl.IdeBackgroundUtil.getBackgroundSpec(Lcom/intellij/openapi/project/Project;Ljava/lang/String;)Ljava/lang/String; @ 10
Event: 32157.777 Thread 0x00007f958c217000 Uncommon trap: reason=unstable_if action=reinterpret pc=0x000000011588ec50 method=com.intellij.openapi.wm.impl.IdeBackgroundUtil.getBackgroundSpec(Lcom/intellij/openapi/project/Project;Ljava/lang/String;)Ljava/lang/String; @ 10
Event: 32157.797 Thread 0x00007f958c217000 Uncommon trap: reason=unstable_if action=reinterpret pc=0x0000000114f69e40 method=com.intellij.openapi.project.impl.ProjectImpl.isDisposed()Z @ 4
Event: 32157.797 Thread 0x00007f958c217000 Uncommon trap: reason=unstable_if action=reinterpret pc=0x000000011c107ea0 method=com.intellij.util.concurrency.Invoker.canInvoke(Ljava/lang/Runnable;Lorg/jetbrains/concurrency/AsyncPromise;)Z @ 53
Event: 32157.797 Thread 0x00007f958c217000 Uncommon trap: reason=unstable_if action=reinterpret pc=0x0000000116915980 method=com.intellij.openapi.project.impl.ProjectImpl.isDisposed()Z @ 4
Event: 32157.798 Thread 0x00007f958c217000 Uncommon trap: reason=unstable_if action=reinterpret pc=0x00000001178cd59c method=com.intellij.util.concurrency.Invoker.canInvoke(Ljava/lang/Runnable;Lorg/jetbrains/concurrency/AsyncPromise;)Z @ 53
Event: 32157.799 Thread 0x00007f958ef28800 Uncommon trap: reason=unstable_if action=reinterpret pc=0x000000011c3264cc method=com.intellij.openapi.vfs.newvfs.persistent.RefreshWorker.checkCancelled(Lcom/intellij/openapi/vfs/newvfs/NewVirtualFile;)V @ 12
Event: 32157.801 Thread 0x00007f958c217000 Uncommon trap: reason=unstable_if action=reinterpret pc=0x00000001174a32dc method=java.awt.DefaultKeyboardFocusManager.purgeStampedEvents(JJ)V @ 3

Classes redefined (0 events):
No events

Internal exceptions (10 events):
Event: 17462.354 Thread 0x00007f958c217000 Exception <a 'sun/nio/fs/UnixException'> (0x00000007933a18a0) thrown at [/Users/builduser/buildAgent/work/9f979a2e38bdaf6/hotspot/src/share/vm/prims/jni.cpp, line 709]
Event: 17738.640 Thread 0x00007f958c217000 Exception <a 'sun/nio/fs/UnixException'> (0x0000000793406d90) thrown at [/Users/builduser/buildAgent/work/9f979a2e38bdaf6/hotspot/src/share/vm/prims/jni.cpp, line 709]
Event: 17966.659 Thread 0x00007f958c217000 Exception <a 'sun/nio/fs/UnixException'> (0x0000000792e1dfe8) thrown at [/Users/builduser/buildAgent/work/9f979a2e38bdaf6/hotspot/src/share/vm/prims/jni.cpp, line 709]
Event: 18242.818 Thread 0x00007f958c217000 Exception <a 'sun/nio/fs/UnixException'> (0x0000000791ae9a28) thrown at [/Users/builduser/buildAgent/work/9f979a2e38bdaf6/hotspot/src/share/vm/prims/jni.cpp, line 709]
Event: 20135.278 Thread 0x00007f958c217000 Exception <a 'sun/nio/fs/UnixException'> (0x0000000792d910a8) thrown at [/Users/builduser/buildAgent/work/9f979a2e38bdaf6/hotspot/src/share/vm/prims/jni.cpp, line 709]
Event: 20181.947 Thread 0x00007f958c217000 Exception <a 'sun/nio/fs/UnixException'> (0x00000007919b6aa0) thrown at [/Users/builduser/buildAgent/work/9f979a2e38bdaf6/hotspot/src/share/vm/prims/jni.cpp, line 709]
Event: 32154.931 Thread 0x00007f958c217000 Exception <a 'sun/nio/fs/UnixException'> (0x0000000792aa9600) thrown at [/Users/builduser/buildAgent/work/9f979a2e38bdaf6/hotspot/src/share/vm/prims/jni.cpp, line 709]
Event: 32157.556 Thread 0x00007f958c217000 Exception <a 'sun/nio/fs/UnixException'> (0x0000000791cbf778) thrown at [/Users/builduser/buildAgent/work/9f979a2e38bdaf6/hotspot/src/share/vm/prims/jni.cpp, line 709]
Event: 32157.776 Thread 0x00007f958c217000 Implicit null exception at 0x00000001177686f9 to 0x0000000117769651
Event: 32157.776 Thread 0x00007f958c217000 Implicit null exception at 0x000000011588d8fc to 0x000000011588ec41

Events (10 events):
Event: 32157.799 loading class com/intellij/openapi/vfs/newvfs/persistent/RefreshWorker$RefreshCancelledException
Event: 32157.799 loading class com/intellij/openapi/vfs/newvfs/persistent/RefreshWorker$RefreshCancelledException done
Event: 32157.801 Thread 0x00007f958c217000 Uncommon trap: trap_request=0xffffff65 fr.pc=0x00000001174a32dc
Event: 32157.801 Thread 0x00007f958c217000 DEOPT PACKING pc=0x00000001174a32dc sp=0x0000700007dbb310
Event: 32157.801 Thread 0x00007f958c217000 DEOPT UNPACKING pc=0x0000000112a8f47a sp=0x0000700007dbb220 mode 2
Event: 32157.804 Thread 0x00007f958c01b800 flushing nmethod 0x0000000118777050
Event: 32157.838 Thread 0x00007f958c01b800 flushing nmethod 0x0000000119c8e490
Event: 32157.853 Thread 0x00007f958c01b800 flushing nmethod 0x000000011a6eb410
Event: 32157.858 Thread 0x00007f958c01b800 flushing nmethod 0x000000011aa62c10
Event: 32157.888 Thread 0x00007f958c01b800 flushing nmethod 0x000000011c72b190


Dynamic libraries:
0x00000000182b4000 	/System/Library/Frameworks/Cocoa.framework/Versions/A/Cocoa
0x00000000182b4000 	/System/Library/Frameworks/Foundation.framework/Versions/C/Foundation
0x00000000182b4000 	/usr/lib/libobjc.A.dylib
0x00000000182b4000 	/usr/lib/libSystem.B.dylib
0x00000000182b4000 	/System/Library/Frameworks/AppKit.framework/Versions/C/AppKit
0x00000000182b4000 	/System/Library/Frameworks/CoreFoundation.framework/Versions/A/CoreFoundation
0x00000000182b4000 	/System/Library/Frameworks/CoreData.framework/Versions/A/CoreData
0x00000000182b4000 	/System/Library/PrivateFrameworks/RemoteViewServices.framework/Versions/A/RemoteViewServices
0x00000000182b4000 	/System/Library/PrivateFrameworks/UIFoundation.framework/Versions/A/UIFoundation
0x00000000182b4000 	/System/Library/PrivateFrameworks/XCTTargetBootstrap.framework/Versions/A/XCTTargetBootstrap
0x00000000182b4000 	/System/Library/Frameworks/CoreDisplay.framework/Versions/A/CoreDisplay
0x00000000182b4000 	/System/Library/PrivateFrameworks/IconServices.framework/Versions/A/IconServices
0x00000000182b4000 	/System/Library/Frameworks/Metal.framework/Versions/A/Metal
0x00000000182b4000 	/System/Library/PrivateFrameworks/DesktopServicesPriv.framework/Versions/A/DesktopServicesPriv
0x00000000182b4000 	/usr/lib/libenergytrace.dylib
0x00000000182b4000 	/System/Library/PrivateFrameworks/SkyLight.framework/Versions/A/SkyLight
0x00000000182b4000 	/System/Library/Frameworks/CoreGraphics.framework/Versions/A/CoreGraphics
0x00000000182b4000 	/System/Library/Frameworks/Accelerate.framework/Versions/A/Accelerate
0x00000000182b4000 	/System/Library/Frameworks/IOSurface.framework/Versions/A/IOSurface
0x00000000182b4000 	/System/Library/Frameworks/ApplicationServices.framework/Versions/A/ApplicationServices
0x00000000182b4000 	/System/Library/PrivateFrameworks/DFRFoundation.framework/Versions/A/DFRFoundation
0x00000000182b4000 	/System/Library/Frameworks/AudioToolbox.framework/Versions/A/AudioToolbox
0x00000000182b4000 	/System/Library/Frameworks/AudioUnit.framework/Versions/A/AudioUnit
0x00000000182b4000 	/System/Library/PrivateFrameworks/DataDetectorsCore.framework/Versions/A/DataDetectorsCore
0x00000000182b4000 	/System/Library/Frameworks/Carbon.framework/Versions/A/Frameworks/HIToolbox.framework/Versions/A/HIToolbox
0x00000000182b4000 	/usr/lib/libicucore.A.dylib
0x00000000182b4000 	/usr/lib/libz.1.dylib
0x00000000182b4000 	/System/Library/Frameworks/QuartzCore.framework/Versions/A/QuartzCore
0x00000000182b4000 	/System/Library/Frameworks/Security.framework/Versions/A/Security
0x00000000182b4000 	/System/Library/Frameworks/Carbon.framework/Versions/A/Frameworks/SpeechRecognition.framework/Versions/A/SpeechRecognition
0x00000000182b4000 	/usr/lib/libauto.dylib
0x00000000182b4000 	/usr/lib/libxml2.2.dylib
0x00000000182b4000 	/System/Library/PrivateFrameworks/CoreUI.framework/Versions/A/CoreUI
0x00000000182b4000 	/System/Library/Frameworks/CoreAudio.framework/Versions/A/CoreAudio
0x00000000182b4000 	/System/Library/Frameworks/DiskArbitration.framework/Versions/A/DiskArbitration
0x00000000182b4000 	/usr/lib/liblangid.dylib
0x00000000182b4000 	/System/Library/PrivateFrameworks/MultitouchSupport.framework/Versions/A/MultitouchSupport
0x00000000182b4000 	/System/Library/Frameworks/IOKit.framework/Versions/A/IOKit
0x00000000182b4000 	/usr/lib/libDiagnosticMessagesClient.dylib
0x00000000182b4000 	/System/Library/Frameworks/CoreServices.framework/Versions/A/CoreServices
0x00000000182b4000 	/System/Library/PrivateFrameworks/PerformanceAnalysis.framework/Versions/A/PerformanceAnalysis
0x00000000182b4000 	/System/Library/Frameworks/OpenGL.framework/Versions/A/OpenGL
0x00000000182b4000 	/System/Library/Frameworks/ColorSync.framework/Versions/A/ColorSync
0x00000000182b4000 	/System/Library/Frameworks/CoreImage.framework/Versions/A/CoreImage
0x00000000182b4000 	/System/Library/Frameworks/CoreText.framework/Versions/A/CoreText
0x00000000182b4000 	/System/Library/Frameworks/ImageIO.framework/Versions/A/ImageIO
0x00000000182b4000 	/System/Library/PrivateFrameworks/Backup.framework/Versions/A/Backup
0x00000000182b4000 	/usr/lib/libarchive.2.dylib
0x00000000182b4000 	/System/Library/Frameworks/CFNetwork.framework/Versions/A/CFNetwork
0x00000000182b4000 	/System/Library/Frameworks/SystemConfiguration.framework/Versions/A/SystemConfiguration
0x00000000182b4000 	/usr/lib/libCRFSuite.dylib
0x00000000182b4000 	/usr/lib/libc++.1.dylib
0x00000000182b4000 	/usr/lib/libc++abi.dylib
0x00000000182b4000 	/usr/lib/system/libcache.dylib
0x00000000182b4000 	/usr/lib/system/libcommonCrypto.dylib
0x00000000182b4000 	/usr/lib/system/libcompiler_rt.dylib
0x00000000182b4000 	/usr/lib/system/libcopyfile.dylib
0x00000000182b4000 	/usr/lib/system/libcorecrypto.dylib
0x00000000182b4000 	/usr/lib/system/libdispatch.dylib
0x00000000182b4000 	/usr/lib/system/libdyld.dylib
0x00000000182b4000 	/usr/lib/system/libkeymgr.dylib
0x00000000182b4000 	/usr/lib/system/liblaunch.dylib
0x00000000182b4000 	/usr/lib/system/libmacho.dylib
0x00000000182b4000 	/usr/lib/system/libquarantine.dylib
0x00000000182b4000 	/usr/lib/system/libremovefile.dylib
0x00000000182b4000 	/usr/lib/system/libsystem_asl.dylib
0x00000000182b4000 	/usr/lib/system/libsystem_blocks.dylib
0x00000000182b4000 	/usr/lib/system/libsystem_c.dylib
0x00000000182b4000 	/usr/lib/system/libsystem_configuration.dylib
0x00000000182b4000 	/usr/lib/system/libsystem_coreservices.dylib
0x00000000182b4000 	/usr/lib/system/libsystem_darwin.dylib
0x00000000182b4000 	/usr/lib/system/libsystem_dnssd.dylib
0x00000000182b4000 	/usr/lib/system/libsystem_info.dylib
0x00000000182b4000 	/usr/lib/system/libsystem_m.dylib
0x00000000182b4000 	/usr/lib/system/libsystem_malloc.dylib
0x00000000182b4000 	/usr/lib/system/libsystem_networkextension.dylib
0x00000000182b4000 	/usr/lib/system/libsystem_notify.dylib
0x00000000182b4000 	/usr/lib/system/libsystem_sandbox.dylib
0x00000000182b4000 	/usr/lib/system/libsystem_secinit.dylib
0x00000000182b4000 	/usr/lib/system/libsystem_kernel.dylib
0x00000000182b4000 	/usr/lib/system/libsystem_platform.dylib
0x00000000182b4000 	/usr/lib/system/libsystem_pthread.dylib
0x00000000182b4000 	/usr/lib/system/libsystem_symptoms.dylib
0x00000000182b4000 	/usr/lib/system/libsystem_trace.dylib
0x00000000182b4000 	/usr/lib/system/libunwind.dylib
0x00000000182b4000 	/usr/lib/system/libxpc.dylib
0x00000000182b4000 	/usr/lib/libbsm.0.dylib
0x00000000182b4000 	/usr/lib/system/libkxld.dylib
0x00000000182b4000 	/System/Library/PrivateFrameworks/AppleFSCompression.framework/Versions/A/AppleFSCompression
0x00000000182b4000 	/usr/lib/libOpenScriptingUtil.dylib
0x00000000182b4000 	/usr/lib/libcoretls.dylib
0x00000000182b4000 	/usr/lib/libcoretls_cfhelpers.dylib
0x00000000182b4000 	/usr/lib/libpam.2.dylib
0x00000000182b4000 	/usr/lib/libsqlite3.dylib
0x00000000182b4000 	/usr/lib/libxar.1.dylib
0x00000000182b4000 	/usr/lib/libbz2.1.0.dylib
0x00000000182b4000 	/usr/lib/liblzma.5.dylib
0x00000000182b4000 	/usr/lib/libnetwork.dylib
0x00000000182b4000 	/usr/lib/libapple_nghttp2.dylib
0x00000000182b4000 	/usr/lib/libpcap.A.dylib
0x00000000182b4000 	/System/Library/Frameworks/CoreServices.framework/Versions/A/Frameworks/FSEvents.framework/Versions/A/FSEvents
0x00000000182b4000 	/System/Library/Frameworks/CoreServices.framework/Versions/A/Frameworks/CarbonCore.framework/Versions/A/CarbonCore
0x00000000182b4000 	/System/Library/Frameworks/CoreServices.framework/Versions/A/Frameworks/Metadata.framework/Versions/A/Metadata
0x00000000182b4000 	/System/Library/Frameworks/CoreServices.framework/Versions/A/Frameworks/OSServices.framework/Versions/A/OSServices
0x00000000182b4000 	/System/Library/Frameworks/CoreServices.framework/Versions/A/Frameworks/SearchKit.framework/Versions/A/SearchKit
0x00000000182b4000 	/System/Library/Frameworks/CoreServices.framework/Versions/A/Frameworks/AE.framework/Versions/A/AE
0x00000000182b4000 	/System/Library/Frameworks/CoreServices.framework/Versions/A/Frameworks/LaunchServices.framework/Versions/A/LaunchServices
0x00000000182b4000 	/System/Library/Frameworks/CoreServices.framework/Versions/A/Frameworks/DictionaryServices.framework/Versions/A/DictionaryServices
0x00000000182b4000 	/System/Library/Frameworks/CoreServices.framework/Versions/A/Frameworks/SharedFileList.framework/Versions/A/SharedFileList
0x00000000182b4000 	/System/Library/Frameworks/NetFS.framework/Versions/A/NetFS
0x00000000182b4000 	/System/Library/PrivateFrameworks/NetAuth.framework/Versions/A/NetAuth
0x00000000182b4000 	/System/Library/PrivateFrameworks/login.framework/Versions/A/Frameworks/loginsupport.framework/Versions/A/loginsupport
0x00000000182b4000 	/System/Library/PrivateFrameworks/TCC.framework/Versions/A/TCC
0x00000000182b4000 	/System/Library/PrivateFrameworks/CoreNLP.framework/Versions/A/CoreNLP
0x00000000182b4000 	/System/Library/PrivateFrameworks/MetadataUtilities.framework/Versions/A/MetadataUtilities
0x00000000182b4000 	/usr/lib/libmecabra.dylib
0x00000000182b4000 	/System/Library/Frameworks/ApplicationServices.framework/Versions/A/Frameworks/ATS.framework/Versions/A/ATS
0x00000000182b4000 	/System/Library/Frameworks/ApplicationServices.framework/Versions/A/Frameworks/ColorSyncLegacy.framework/Versions/A/ColorSyncLegacy
0x00000000182b4000 	/System/Library/Frameworks/ApplicationServices.framework/Versions/A/Frameworks/HIServices.framework/Versions/A/HIServices
0x00000000182b4000 	/System/Library/Frameworks/ApplicationServices.framework/Versions/A/Frameworks/LangAnalysis.framework/Versions/A/LangAnalysis
0x00000000182b4000 	/System/Library/Frameworks/ApplicationServices.framework/Versions/A/Frameworks/PrintCore.framework/Versions/A/PrintCore
0x00000000182b4000 	/System/Library/Frameworks/ApplicationServices.framework/Versions/A/Frameworks/QD.framework/Versions/A/QD
0x00000000182b4000 	/System/Library/Frameworks/ApplicationServices.framework/Versions/A/Frameworks/SpeechSynthesis.framework/Versions/A/SpeechSynthesis
0x00000000182b4000 	/usr/lib/libcompression.dylib
0x00000000182b4000 	/System/Library/Frameworks/MetalPerformanceShaders.framework/Versions/A/MetalPerformanceShaders
0x00000000182b4000 	/System/Library/Frameworks/Accelerate.framework/Versions/A/Frameworks/vImage.framework/Versions/A/vImage
0x00000000182b4000 	/System/Library/Frameworks/Accelerate.framework/Versions/A/Frameworks/vecLib.framework/Versions/A/vecLib
0x00000000182b4000 	/System/Library/Frameworks/Accelerate.framework/Versions/A/Frameworks/vecLib.framework/Versions/A/libvMisc.dylib
0x00000000182b4000 	/System/Library/Frameworks/Accelerate.framework/Versions/A/Frameworks/vecLib.framework/Versions/A/libvDSP.dylib
0x00000000182b4000 	/System/Library/Frameworks/Accelerate.framework/Versions/A/Frameworks/vecLib.framework/Versions/A/libBLAS.dylib
0x00000000182b4000 	/System/Library/Frameworks/Accelerate.framework/Versions/A/Frameworks/vecLib.framework/Versions/A/libLAPACK.dylib
0x00000000182b4000 	/System/Library/Frameworks/Accelerate.framework/Versions/A/Frameworks/vecLib.framework/Versions/A/libLinearAlgebra.dylib
0x00000000182b4000 	/System/Library/Frameworks/Accelerate.framework/Versions/A/Frameworks/vecLib.framework/Versions/A/libSparseBLAS.dylib
0x00000000182b4000 	/System/Library/Frameworks/Accelerate.framework/Versions/A/Frameworks/vecLib.framework/Versions/A/libQuadrature.dylib
0x00000000182b4000 	/System/Library/Frameworks/Accelerate.framework/Versions/A/Frameworks/vecLib.framework/Versions/A/libBNNS.dylib
0x00000000182b4000 	/System/Library/Frameworks/Accelerate.framework/Versions/A/Frameworks/vecLib.framework/Versions/A/libSparse.dylib
0x00000000182b4000 	/System/Library/PrivateFrameworks/GPUWrangler.framework/Versions/A/GPUWrangler
0x00000000182b4000 	/System/Library/PrivateFrameworks/IOAccelerator.framework/Versions/A/IOAccelerator
0x00000000182b4000 	/System/Library/PrivateFrameworks/IOPresentment.framework/Versions/A/IOPresentment
0x00000000182b4000 	/System/Library/PrivateFrameworks/DSExternalDisplay.framework/Versions/A/DSExternalDisplay
0x00000000182b4000 	/System/Library/Frameworks/OpenGL.framework/Versions/A/Libraries/libCoreFSCache.dylib
0x00000000182b4000 	/System/Library/Frameworks/MetalPerformanceShaders.framework/Frameworks/MPSCore.framework/Versions/A/MPSCore
0x00000000182b4000 	/System/Library/Frameworks/MetalPerformanceShaders.framework/Frameworks/MPSImage.framework/Versions/A/MPSImage
0x00000000182b4000 	/System/Library/Frameworks/MetalPerformanceShaders.framework/Frameworks/MPSNeuralNetwork.framework/Versions/A/MPSNeuralNetwork
0x00000000182b4000 	/System/Library/Frameworks/MetalPerformanceShaders.framework/Frameworks/MPSMatrix.framework/Versions/A/MPSMatrix
0x00000000182b4000 	/System/Library/Frameworks/MetalPerformanceShaders.framework/Frameworks/MPSRayIntersector.framework/Versions/A/MPSRayIntersector
0x00000000182b4000 	/System/Library/PrivateFrameworks/MetalTools.framework/Versions/A/MetalTools
0x00000000182b4000 	/System/Library/PrivateFrameworks/AggregateDictionary.framework/Versions/A/AggregateDictionary
0x00000000182b4000 	/usr/lib/libMobileGestalt.dylib
0x00000000182b4000 	/System/Library/Frameworks/CoreVideo.framework/Versions/A/CoreVideo
0x00000000182b4000 	/System/Library/PrivateFrameworks/GraphVisualizer.framework/Versions/A/GraphVisualizer
0x00000000182b4000 	/System/Library/PrivateFrameworks/FaceCore.framework/Versions/A/FaceCore
0x00000000182b4000 	/System/Library/Frameworks/OpenCL.framework/Versions/A/OpenCL
0x00000000182b4000 	/usr/lib/libFosl_dynamic.dylib
0x00000000182b4000 	/System/Library/PrivateFrameworks/OTSVG.framework/Versions/A/OTSVG
0x00000000182b4000 	/System/Library/Frameworks/ApplicationServices.framework/Versions/A/Frameworks/ATS.framework/Versions/A/Resources/libFontParser.dylib
0x00000000182b4000 	/System/Library/Frameworks/ApplicationServices.framework/Versions/A/Frameworks/ATS.framework/Versions/A/Resources/libFontRegistry.dylib
0x00000000182b4000 	/System/Library/Frameworks/ImageIO.framework/Versions/A/Resources/libJPEG.dylib
0x00000000182b4000 	/System/Library/Frameworks/ImageIO.framework/Versions/A/Resources/libTIFF.dylib
0x00000000182b4000 	/System/Library/Frameworks/ImageIO.framework/Versions/A/Resources/libPng.dylib
0x00000000182b4000 	/System/Library/Frameworks/ImageIO.framework/Versions/A/Resources/libGIF.dylib
0x00000000182b4000 	/System/Library/Frameworks/ImageIO.framework/Versions/A/Resources/libJP2.dylib
0x00000000182b4000 	/System/Library/Frameworks/ImageIO.framework/Versions/A/Resources/libRadiance.dylib
0x00000000182b4000 	/System/Library/PrivateFrameworks/AppleJPEG.framework/Versions/A/AppleJPEG
0x00000000182b4000 	/System/Library/Frameworks/OpenGL.framework/Versions/A/Libraries/libGFXShared.dylib
0x00000000182b4000 	/System/Library/Frameworks/OpenGL.framework/Versions/A/Libraries/libGLU.dylib
0x00000000182b4000 	/System/Library/Frameworks/OpenGL.framework/Versions/A/Libraries/libGL.dylib
0x00000000182b4000 	/System/Library/Frameworks/OpenGL.framework/Versions/A/Libraries/libGLImage.dylib
0x00000000182b4000 	/System/Library/Frameworks/OpenGL.framework/Versions/A/Libraries/libCVMSPluginSupport.dylib
0x00000000182b4000 	/System/Library/Frameworks/OpenGL.framework/Versions/A/Libraries/libCoreVMClient.dylib
0x00000000182b4000 	/usr/lib/libcups.2.dylib
0x00000000182b4000 	/System/Library/Frameworks/Kerberos.framework/Versions/A/Kerberos
0x00000000182b4000 	/System/Library/Frameworks/GSS.framework/Versions/A/GSS
0x00000000182b4000 	/usr/lib/libresolv.9.dylib
0x00000000182b4000 	/usr/lib/libiconv.2.dylib
0x00000000182b4000 	/System/Library/PrivateFrameworks/Heimdal.framework/Versions/A/Heimdal
0x00000000182b4000 	/usr/lib/libheimdal-asn1.dylib
0x00000000182b4000 	/System/Library/Frameworks/OpenDirectory.framework/Versions/A/OpenDirectory
0x00000000182b4000 	/System/Library/PrivateFrameworks/CommonAuth.framework/Versions/A/CommonAuth
0x00000000182b4000 	/System/Library/Frameworks/OpenDirectory.framework/Versions/A/Frameworks/CFOpenDirectory.framework/Versions/A/CFOpenDirectory
0x00000000182b4000 	/System/Library/Frameworks/SecurityFoundation.framework/Versions/A/SecurityFoundation
0x00000000182b4000 	/System/Library/PrivateFrameworks/APFS.framework/Versions/A/APFS
0x00000000182b4000 	/usr/lib/libutil.dylib
0x00000000182b4000 	/usr/lib/libcharset.1.dylib
0x00000000182b4000 	/System/Library/PrivateFrameworks/AppleSauce.framework/Versions/A/AppleSauce
0x00000000182b4000 	/System/Library/PrivateFrameworks/AssertionServices.framework/Versions/A/AssertionServices
0x00000000182b4000 	/System/Library/PrivateFrameworks/BaseBoard.framework/Versions/A/BaseBoard
0x00000000182b4000 	/usr/lib/libmecab.1.0.0.dylib
0x00000000182b4000 	/usr/lib/libgermantok.dylib
0x00000000182b4000 	/usr/lib/libThaiTokenizer.dylib
0x00000000182b4000 	/usr/lib/libChineseTokenizer.dylib
0x00000000182b4000 	/System/Library/PrivateFrameworks/LanguageModeling.framework/Versions/A/LanguageModeling
0x00000000182b4000 	/System/Library/PrivateFrameworks/CoreEmoji.framework/Versions/A/CoreEmoji
0x00000000182b4000 	/System/Library/PrivateFrameworks/Lexicon.framework/Versions/A/Lexicon
0x00000000182b4000 	/System/Library/PrivateFrameworks/LinguisticData.framework/Versions/A/LinguisticData
0x00000000182b4000 	/usr/lib/libcmph.dylib
0x00000000182b4000 	/System/Library/Frameworks/ServiceManagement.framework/Versions/A/ServiceManagement
0x00000000182b4000 	/System/Library/PrivateFrameworks/BackgroundTaskManagement.framework/Versions/A/BackgroundTaskManagement
0x00000000182b4000 	/usr/lib/libxslt.1.dylib
0x00000000182b4000 	/System/Library/Frameworks/Carbon.framework/Versions/A/Frameworks/Ink.framework/Versions/A/Ink
0x00000000182b4000 	/System/Library/PrivateFrameworks/TextureIO.framework/Versions/A/TextureIO
0x00000000182b4000 	/usr/lib/libate.dylib
0x00000000182b4000 	/System/Library/PrivateFrameworks/CrashReporterSupport.framework/Versions/A/CrashReporterSupport
0x00000000182b4000 	/System/Library/PrivateFrameworks/Sharing.framework/Versions/A/Sharing
0x00000000182b4000 	/System/Library/PrivateFrameworks/AuthKit.framework/Versions/A/AuthKit
0x00000000182b4000 	/System/Library/PrivateFrameworks/Apple80211.framework/Versions/A/Apple80211
0x00000000182b4000 	/System/Library/PrivateFrameworks/CoreUtils.framework/Versions/A/CoreUtils
0x00000000182b4000 	/System/Library/Frameworks/CoreWLAN.framework/Versions/A/CoreWLAN
0x00000000182b4000 	/System/Library/Frameworks/IOBluetooth.framework/Versions/A/IOBluetooth
0x00000000182b4000 	/System/Library/PrivateFrameworks/ProtocolBuffer.framework/Versions/A/ProtocolBuffer
0x00000000182b4000 	/System/Library/PrivateFrameworks/MobileKeyBag.framework/Versions/A/MobileKeyBag
0x00000000182b4000 	/System/Library/PrivateFrameworks/CorePhoneNumbers.framework/Versions/A/CorePhoneNumbers
0x00000000182b4000 	/System/Library/PrivateFrameworks/AppleIDAuthSupport.framework/Versions/A/AppleIDAuthSupport
0x00000000182b4000 	/System/Library/PrivateFrameworks/KeychainCircle.framework/Versions/A/KeychainCircle
0x00000000182b4000 	/System/Library/PrivateFrameworks/ROCKit.framework/Versions/A/ROCKit
0x00000000182b4000 	/System/Library/PrivateFrameworks/CoreWiFi.framework/Versions/A/CoreWiFi
0x00000000182b4000 	/System/Library/Frameworks/CoreBluetooth.framework/Versions/A/CoreBluetooth
0x00000000182b4000 	/System/Library/PrivateFrameworks/DebugSymbols.framework/Versions/A/DebugSymbols
0x00000000182b4000 	/System/Library/PrivateFrameworks/CoreSymbolication.framework/Versions/A/CoreSymbolication
0x00000000182b4000 	/System/Library/PrivateFrameworks/Symbolication.framework/Versions/A/Symbolication
0x00000000182b4000 	/System/Library/PrivateFrameworks/SpeechRecognitionCore.framework/Versions/A/SpeechRecognitionCore
0x000000010f491000 	/Applications/IntelliJ IDEA CE.app/Contents/jdk/Contents/MacOS/libjli.dylib
0x000000010f4a0000 	/Applications/IntelliJ IDEA CE.app/Contents/jdk/Contents/Home/jre//lib/server/libjvm.dylib
0x00000000182b4000 	/usr/lib/libstdc++.6.dylib
0x000000010ff9d000 	/Applications/IntelliJ IDEA CE.app/Contents/jdk/Contents/Home/jre/lib/libverify.dylib
0x000000010ffaa000 	/Applications/IntelliJ IDEA CE.app/Contents/jdk/Contents/Home/jre/lib/libjava.dylib
0x000000010ffe9000 	/Applications/IntelliJ IDEA CE.app/Contents/jdk/Contents/Home/jre/lib/libzip.dylib
0x0000000124e2f000 	/Applications/IntelliJ IDEA CE.app/Contents/jdk/Contents/Home/jre/lib/libawt.dylib
0x0000000124ed9000 	/Applications/IntelliJ IDEA CE.app/Contents/jdk/Contents/Home/jre/lib/./libmlib_image.dylib
0x00000000182b4000 	/System/Library/Frameworks/JavaVM.framework/Versions/A/Frameworks/JavaNativeFoundation.framework/Versions/A/JavaNativeFoundation
0x00000000182b4000 	/System/Library/Frameworks/JavaVM.framework/Versions/A/Frameworks/JavaRuntimeSupport.framework/Versions/A/JavaRuntimeSupport
0x00000000182b4000 	/System/Library/Frameworks/JavaVM.framework/Versions/A/JavaVM
0x00000000182b4000 	/System/Library/PrivateFrameworks/JavaLaunching.framework/Versions/A/JavaLaunching
0x00000000182b4000 	/System/Library/Frameworks/Carbon.framework/Versions/A/Carbon
0x00000000182b4000 	/System/Library/Frameworks/Carbon.framework/Versions/A/Frameworks/CommonPanels.framework/Versions/A/CommonPanels
0x00000000182b4000 	/System/Library/Frameworks/Carbon.framework/Versions/A/Frameworks/Help.framework/Versions/A/Help
0x00000000182b4000 	/System/Library/Frameworks/Carbon.framework/Versions/A/Frameworks/ImageCapture.framework/Versions/A/ImageCapture
0x00000000182b4000 	/System/Library/Frameworks/Carbon.framework/Versions/A/Frameworks/OpenScripting.framework/Versions/A/OpenScripting
0x00000000182b4000 	/System/Library/Frameworks/Carbon.framework/Versions/A/Frameworks/Print.framework/Versions/A/Print
0x00000000182b4000 	/System/Library/Frameworks/Carbon.framework/Versions/A/Frameworks/SecurityHI.framework/Versions/A/SecurityHI
0x0000000124fa5000 	/Applications/IntelliJ IDEA CE.app/Contents/jdk/Contents/Home/jre/lib/libawt_lwawt.dylib
0x0000000124877000 	/Applications/IntelliJ IDEA CE.app/Contents/jdk/Contents/Home/jre/lib/./libosxapp.dylib
0x00000000182b4000 	/System/Library/Frameworks/ExceptionHandling.framework/Versions/A/ExceptionHandling
0x00000000182b4000 	/System/Library/PrivateFrameworks/CoreServicesInternal.framework/Versions/A/CoreServicesInternal
0x00000000182b4000 	/System/Library/Frameworks/Accelerate.framework/Versions/A/Frameworks/vImage.framework/Versions/A/Libraries/libCGInterfaces.dylib
0x00000000182b4000 	/System/Library/Frameworks/ApplicationServices.framework/Versions/A/Frameworks/ATS.framework/Versions/A/Resources/libTrueTypeScaler.dylib
0x00000000182b4000 	/System/Library/Extensions/AppleIntelKBLGraphicsMTLDriver.bundle/Contents/MacOS/AppleIntelKBLGraphicsMTLDriver
0x00000000182b4000 	/System/Library/PrivateFrameworks/GPUCompiler.framework/Versions/3902/Libraries/libmetal_timestamp.dylib
0x00000000182b4000 	/System/Library/PrivateFrameworks/ViewBridge.framework/Versions/A/ViewBridge
0x000000012468c000 	/usr/lib/libobjc-trampolines.dylib
0x0000000126b40000 	/Applications/IntelliJ IDEA CE.app/Contents/jdk/Contents/Home/jre/lib/libfontmanager.dylib
0x0000000126c3e000 	/Applications/IntelliJ IDEA CE.app/Contents/jdk/Contents/Home/jre/lib/./libfreetype.dylib.6
0x0000000124b70000 	/Applications/IntelliJ IDEA CE.app/Contents/jdk/Contents/Home/jre/lib/libnio.dylib
0x0000000126cf2000 	/Applications/IntelliJ IDEA CE.app/Contents/jdk/Contents/Home/jre/lib/./libnet.dylib
0x0000000123e68000 	/Applications/IntelliJ IDEA CE.app/Contents/jdk/Contents/Home/jre/lib/libmanagement.dylib
0x000000012485c000 	/Users/yanru/Library/Caches/IdeaIC2018.3/tmp/jna4895203489108900444.tmp
0x0000000123e72000 	/Applications/IntelliJ IDEA CE.app/Contents/jdk/Contents/Home/jre/lib/libosx.dylib
0x00000000182b4000 	/System/Library/Frameworks/OpenGL.framework/Versions/A/Resources/GLEngine.bundle/GLEngine
0x00000000182b4000 	/System/Library/Frameworks/OpenGL.framework/Versions/A/Libraries/libGLProgrammability.dylib
0x00000000182b4000 	/System/Library/Extensions/AppleIntelKBLGraphicsGLDriver.bundle/Contents/MacOS/AppleIntelKBLGraphicsGLDriver
0x00000000182b4000 	/System/Library/PrivateFrameworks/GPUSupport.framework/Versions/A/Libraries/libGPUSupportMercury.dylib
0x00000000182b4000 	/System/Library/Frameworks/OpenGL.framework/Versions/A/Resources/GLRendererFloat.bundle/GLRendererFloat
0x00000000182b4000 	/System/Library/Frameworks/OpenCL.framework/Versions/A/Libraries/libcldcpuengine.dylib
0x00000000182b4000 	/usr/lib/libcrypto.35.dylib
0x00000000182b4000 	/System/Library/PrivateFrameworks/TrustEvaluationAgent.framework/Versions/A/TrustEvaluationAgent
0x0000000126333000 	/Applications/IntelliJ IDEA CE.app/Contents/jdk/Contents/Home/jre/lib/libosxui.dylib
0x0000000195e46000 	/Applications/IntelliJ IDEA CE.app/Contents/jdk/Contents/Home/jre/lib/libsplashscreen.dylib
0x00000001249c3000 	/Applications/IntelliJ IDEA CE.app/Contents/jdk/Contents/Home/jre/lib/libjawt.dylib
0x00000000182b4000 	/System/Library/CoreServices/RawCamera.bundle/Contents/MacOS/RawCamera
0x00000000182b4000 	/System/Library/PrivateFrameworks/MobileAsset.framework/Versions/A/MobileAsset
0x00000000182b4000 	/System/Library/PrivateFrameworks/StreamingZip.framework/Versions/A/StreamingZip
0x00000000182b4000 	/System/Library/Frameworks/MediaToolbox.framework/Versions/A/MediaToolbox
0x00000000182b4000 	/System/Library/PrivateFrameworks/CoreAVCHD.framework/Versions/A/CoreAVCHD
0x00000000182b4000 	/System/Library/Frameworks/MediaAccessibility.framework/Versions/A/MediaAccessibility
0x00000000182b4000 	/System/Library/PrivateFrameworks/Mangrove.framework/Versions/A/Mangrove
0x00000000182b4000 	/System/Library/Frameworks/CoreMedia.framework/Versions/A/CoreMedia
0x00000000182b4000 	/System/Library/Frameworks/VideoToolbox.framework/Versions/A/VideoToolbox
0x00000000182b4000 	/System/Library/PrivateFrameworks/CoreAUC.framework/Versions/A/CoreAUC
0x00000000182b4000 	/usr/lib/libspindump.dylib
0x00000000182b4000 	/System/Library/PrivateFrameworks/AppleVA.framework/Versions/A/AppleVA
0x0000000197f71000 	/Applications/IntelliJ IDEA CE.app/Contents/jdk/Contents/Home/jre/lib/libsunec.dylib
0x0000000195c8a000 	/Applications/IntelliJ IDEA CE.app/Contents/bin/libnst64.dylib
0x0000000198059000 	/Applications/IntelliJ IDEA CE.app/Contents/jdk/Contents/Home/jre/lib/liblcms.dylib
0x00000000182b4000 	/System/Library/PrivateFrameworks/FinderKit.framework/Versions/A/FinderKit
0x00000000182b4000 	/System/Library/Frameworks/Quartz.framework/Versions/A/Frameworks/QuickLookUI.framework/Versions/A/QuickLookUI
0x00000000182b4000 	/System/Library/Frameworks/Quartz.framework/Versions/A/Frameworks/ImageKit.framework/Versions/A/ImageKit
0x00000000182b4000 	/System/Library/Frameworks/QuickLook.framework/Versions/A/QuickLook
0x00000000182b4000 	/System/Library/PrivateFrameworks/SystemAdministration.framework/Versions/A/SystemAdministration
0x00000000182b4000 	/System/Library/PrivateFrameworks/DiskImages.framework/Versions/A/DiskImages
0x00000000182b4000 	/System/Library/PrivateFrameworks/AppleSystemInfo.framework/Versions/A/AppleSystemInfo
0x00000000182b4000 	/System/Library/Frameworks/ImageCaptureCore.framework/Versions/A/ImageCaptureCore
0x00000000182b4000 	/System/Library/PrivateFrameworks/Suggestions.framework/Versions/A/Suggestions
0x00000000182b4000 	/System/Library/PrivateFrameworks/SidecarUI.framework/Versions/A/SidecarUI
0x00000000182b4000 	/System/Library/Frameworks/SafariServices.framework/Versions/A/SafariServices
0x00000000182b4000 	/System/Library/PrivateFrameworks/QuickLookNonBaseSystem.framework/Versions/A/QuickLookNonBaseSystem
0x00000000182b4000 	/System/Library/Frameworks/QTKit.framework/Versions/A/QTKit
0x00000000182b4000 	/System/Library/Frameworks/AVFoundation.framework/Versions/A/AVFoundation
0x00000000182b4000 	/System/Library/PrivateFrameworks/MarkupUI.framework/Versions/A/MarkupUI
0x00000000182b4000 	/System/Library/Frameworks/Quartz.framework/Versions/A/Quartz
0x00000000182b4000 	/System/Library/PrivateFrameworks/AnnotationKit.framework/Versions/A/AnnotationKit
0x00000000182b4000 	/System/Library/PrivateFrameworks/CorePDF.framework/Versions/A/CorePDF
0x00000000182b4000 	/System/Library/Frameworks/Quartz.framework/Versions/A/Frameworks/QuartzComposer.framework/Versions/A/QuartzComposer
0x00000000182b4000 	/System/Library/Frameworks/Quartz.framework/Versions/A/Frameworks/PDFKit.framework/Versions/A/PDFKit
0x00000000182b4000 	/System/Library/Frameworks/Quartz.framework/Versions/A/Frameworks/QuartzFilters.framework/Versions/A/QuartzFilters
0x00000000182b4000 	/System/Library/Frameworks/JavaScriptCore.framework/Versions/A/JavaScriptCore
0x00000000182b4000 	/System/Library/PrivateFrameworks/SystemPolicy.framework/Versions/A/SystemPolicy
0x00000000182b4000 	/System/Library/PrivateFrameworks/CoreMediaAuthoring.framework/Versions/A/CoreMediaAuthoring
0x00000000182b4000 	/System/Library/Frameworks/CoreMediaIO.framework/Versions/A/CoreMediaIO
0x00000000182b4000 	/System/Library/Frameworks/AVFoundation.framework/Versions/A/Frameworks/AVFAudio.framework/Versions/A/AVFAudio
0x00000000182b4000 	/System/Library/PrivateFrameworks/InternationalSupport.framework/Versions/A/InternationalSupport
0x00000000182b4000 	/System/Library/PrivateFrameworks/RemoteServiceDiscovery.framework/Versions/A/RemoteServiceDiscovery
0x00000000182b4000 	/System/Library/PrivateFrameworks/RemoteXPC.framework/Versions/A/RemoteXPC
0x00000000182b4000 	/System/Library/PrivateFrameworks/DisplayServices.framework/Versions/A/DisplayServices
0x00000000182b4000 	/System/Library/PrivateFrameworks/DiskManagement.framework/Versions/A/DiskManagement
0x00000000182b4000 	/System/Library/PrivateFrameworks/QuickLookThumbnailing.framework/Versions/A/QuickLookThumbnailing
0x00000000182b4000 	/System/Library/PrivateFrameworks/MediaKit.framework/Versions/A/MediaKit
0x00000000182b4000 	/System/Library/Frameworks/DiscRecording.framework/Versions/A/DiscRecording
0x00000000182b4000 	/usr/lib/libCoreStorage.dylib
0x00000000182b4000 	/usr/lib/libcsfde.dylib
0x00000000182b4000 	/System/Library/PrivateFrameworks/EFILogin.framework/Versions/A/EFILogin
0x00000000182b4000 	/System/Library/PrivateFrameworks/ProtectedCloudStorage.framework/Versions/A/ProtectedCloudStorage
0x00000000182b4000 	/System/Library/PrivateFrameworks/GenerationalStorage.framework/Versions/A/GenerationalStorage
0x00000000182b4000 	/System/Library/PrivateFrameworks/ChunkingLibrary.framework/Versions/A/ChunkingLibrary
0x00000000182b4000 	/System/Library/PrivateFrameworks/CoreBrightness.framework/Versions/A/CoreBrightness
0x00000000182b4000 	/System/Library/PrivateFrameworks/BezelServices.framework/Versions/A/BezelServices
0x00000000182b4000 	/System/Library/PrivateFrameworks/PencilKit.framework/Versions/A/PencilKit
0x00000000182b4000 	/System/Library/PrivateFrameworks/CoreHandwriting.framework/Versions/A/CoreHandwriting
0x00000000182b4000 	/System/Library/Frameworks/MetalKit.framework/Versions/A/MetalKit
0x00000000182b4000 	/System/Library/Frameworks/CoreML.framework/Versions/A/CoreML
0x00000000182b4000 	/System/Library/PrivateFrameworks/Espresso.framework/Versions/A/Espresso
0x00000000182b4000 	/System/Library/PrivateFrameworks/Montreal.framework/Versions/A/Montreal
0x00000000182b4000 	/System/Library/Frameworks/DirectoryService.framework/Versions/A/DirectoryService
0x00000000182b4000 	/System/Library/PrivateFrameworks/LoginUIKit.framework/Versions/A/Frameworks/LoginUICore.framework/Versions/A/LoginUICore
0x00000000182b4000 	/usr/lib/libodfde.dylib
0x00000000182b4000 	/usr/lib/libcurl.4.dylib
0x00000000182b4000 	/usr/lib/libcrypto.42.dylib
0x00000000182b4000 	/usr/lib/libssl.44.dylib
0x00000000182b4000 	/System/Library/Frameworks/LDAP.framework/Versions/A/LDAP
0x00000000182b4000 	/usr/lib/libsasl2.2.dylib
0x00000000182b4000 	/System/Library/PrivateFrameworks/CoreDaemon.framework/Versions/B/CoreDaemon
0x00000000182b4000 	/System/Library/PrivateFrameworks/AppleSRP.framework/Versions/A/AppleSRP
0x00000000182b4000 	/System/Library/Frameworks/AddressBook.framework/Versions/A/AddressBook
0x00000000182b4000 	/System/Library/PrivateFrameworks/ContactsPersistence.framework/Versions/A/ContactsPersistence
0x00000000182b4000 	/System/Library/PrivateFrameworks/AddressBookCore.framework/Versions/A/AddressBookCore
0x00000000182b4000 	/System/Library/PrivateFrameworks/CalendarAgentLink.framework/Versions/A/CalendarAgentLink
0x00000000182b4000 	/System/Library/PrivateFrameworks/ContactsFoundation.framework/Versions/A/ContactsFoundation
0x00000000182b4000 	/System/Library/PrivateFrameworks/IntlPreferences.framework/Versions/A/IntlPreferences
0x00000000182b4000 	/System/Library/Frameworks/SecurityInterface.framework/Versions/A/SecurityInterface
0x00000000182b4000 	/System/Library/PrivateFrameworks/ToneKit.framework/Versions/A/ToneKit
0x00000000182b4000 	/System/Library/PrivateFrameworks/ToneLibrary.framework/Versions/A/ToneLibrary
0x00000000182b4000 	/System/Library/PrivateFrameworks/vCard.framework/Versions/A/vCard
0x00000000182b4000 	/System/Library/Frameworks/Accounts.framework/Versions/A/Accounts
0x00000000182b4000 	/System/Library/PrivateFrameworks/PhoneNumbers.framework/Versions/A/PhoneNumbers
0x00000000182b4000 	/System/Library/PrivateFrameworks/login.framework/Versions/A/login
0x00000000182b4000 	/System/Library/PrivateFrameworks/ApplePushService.framework/Versions/A/ApplePushService
0x00000000182b4000 	/System/Library/Frameworks/Contacts.framework/Versions/A/Contacts
0x00000000182b4000 	/System/Library/PrivateFrameworks/CommonUtilities.framework/Versions/A/CommonUtilities
0x00000000182b4000 	/System/Library/PrivateFrameworks/Bom.framework/Versions/A/Bom
0x00000000182b4000 	/System/Library/PrivateFrameworks/AppleLDAP.framework/Versions/A/AppleLDAP
0x00000000182b4000 	/System/Library/PrivateFrameworks/SidecarCore.framework/Versions/A/SidecarCore
0x00000000182b4000 	/System/Library/PrivateFrameworks/CloudDocs.framework/Versions/A/CloudDocs
0x00000000182b4000 	/System/Library/PrivateFrameworks/FileProvider.framework/Versions/A/FileProvider
0x00000000182b4000 	/System/Library/PrivateFrameworks/SpotlightIndex.framework/Versions/A/SpotlightIndex
0x00000000182b4000 	/System/Library/PrivateFrameworks/SymptomDiagnosticReporter.framework/Versions/A/SymptomDiagnosticReporter
0x00000000182b4000 	/System/Library/PrivateFrameworks/PowerLog.framework/Versions/A/PowerLog
0x00000000182b4000 	/System/Library/PrivateFrameworks/CoreAnalytics.framework/Versions/A/CoreAnalytics
0x00000000182b4000 	/System/Library/PrivateFrameworks/PlugInKit.framework/Versions/A/PlugInKit
0x00000000182b4000 	/System/Library/Frameworks/CloudKit.framework/Versions/A/CloudKit
0x00000000182b4000 	/System/Library/Frameworks/CoreLocation.framework/Versions/A/CoreLocation
0x00000000182b4000 	/System/Library/PrivateFrameworks/GeoServices.framework/Versions/A/GeoServices
0x00000000182b4000 	/System/Library/PrivateFrameworks/SharePointManagement.framework/Versions/A/SharePointManagement
0x000000019834c000 	/System/Library/PrivateFrameworks/FileProvider.framework/OverrideBundles/CloudDocsFileProvider.bundle/Contents/MacOS/CloudDocsFileProvider
0x000000019a3c4000 	/System/Library/PrivateFrameworks/FileProvider.framework/OverrideBundles/FileProviderOverride.bundle/Contents/MacOS/FileProviderOverride
0x000000019cd3b000 	/System/Library/PrivateFrameworks/FileProvider.framework/OverrideBundles/FinderSyncCollaborationFileProviderOverride.bundle/Contents/MacOS/FinderSyncCollaborationFileProviderOverride
0x0000000123fdb000 	/Applications/IntelliJ IDEA CE.app/Contents/jdk/Contents/Home/jre/lib/libattach.dylib
0x00000000182b4000 	/System/Library/PrivateFrameworks/CacheDelete.framework/Versions/A/CacheDelete

VM Arguments:
jvm_args: -Xms128m -Xmx750m -XX:ReservedCodeCacheSize=240m -XX:+UseCompressedOops -Dfile.encoding=UTF-8 -XX:+UseConcMarkSweepGC -XX:SoftRefLRUPolicyMSPerMB=50 -ea -Dsun.io.useCanonCaches=false -Djava.net.preferIPv4Stack=true -Djdk.http.auth.tunneling.disabledSchemes="" -XX:+HeapDumpOnOutOfMemoryError -XX:-OmitStackTraceInFastThrow -Xverify:none -XX:ErrorFile=/Users/yanru/java_error_in_idea_%p.log -XX:HeapDumpPath=/Users/yanru/java_error_in_idea.hprof -Djb.vmOptionsFile=/Applications/IntelliJ IDEA CE.app/Contents/bin/idea.vmoptions -Didea.java.redist=jdk-bundled -Didea.home.path=/Applications/IntelliJ IDEA CE.app/Contents -Didea.executable=idea -Didea.platform.prefix=Idea -Didea.paths.selector=IdeaIC2018.3 
java_command: <unknown>
java_class_path (initial): /Applications/IntelliJ IDEA CE.app/Contents/lib/bootstrap.jar:/Applications/IntelliJ IDEA CE.app/Contents/lib/extensions.jar:/Applications/IntelliJ IDEA CE.app/Contents/lib/util.jar:/Applications/IntelliJ IDEA CE.app/Contents/lib/jdom.jar:/Applications/IntelliJ IDEA CE.app/Contents/lib/log4j.jar:/Applications/IntelliJ IDEA CE.app/Contents/lib/trove4j.jar:/Applications/IntelliJ IDEA CE.app/Contents/lib/jna.jar:/Applications/IntelliJ IDEA CE.app/Contents/jdk/Contents/Home/lib/tools.jar
Launcher Type: generic

Environment Variables:
PATH=/usr/bin:/bin:/usr/sbin:/sbin
SHELL=/bin/bash

Signal Handlers:
SIGSEGV: [libjvm.dylib+0x5836fd], sa_mask[0]=11111111011111110111111111111111, sa_flags=SA_ONSTACK|SA_RESTART|SA_SIGINFO
SIGBUS: [libjvm.dylib+0x5836fd], sa_mask[0]=11111111011111110111111111111111, sa_flags=SA_RESTART|SA_SIGINFO
SIGFPE: [libjvm.dylib+0x45d0d8], sa_mask[0]=11111111011111110111111111111111, sa_flags=SA_RESTART|SA_SIGINFO
SIGPIPE: [libjvm.dylib+0x45d0d8], sa_mask[0]=11111111011111110111111111111111, sa_flags=SA_RESTART|SA_SIGINFO
SIGXFSZ: [libjvm.dylib+0x45d0d8], sa_mask[0]=11111111011111110111111111111111, sa_flags=SA_RESTART|SA_SIGINFO
SIGILL: [libjvm.dylib+0x45d0d8], sa_mask[0]=11111111011111110111111111111111, sa_flags=SA_RESTART|SA_SIGINFO
SIGUSR1: SIG_DFL, sa_mask[0]=00000000000000000000000000000000, sa_flags=none
SIGUSR2: [libjvm.dylib+0x45cbf6], sa_mask[0]=00000000000000000000000000000000, sa_flags=SA_RESTART|SA_SIGINFO
SIGHUP: [libjvm.dylib+0x45b1c1], sa_mask[0]=11111111011111110111111111111111, sa_flags=SA_RESTART|SA_SIGINFO
SIGINT: [libjvm.dylib+0x45b1c1], sa_mask[0]=11111111011111110111111111111111, sa_flags=SA_RESTART|SA_SIGINFO
SIGTERM: [libjvm.dylib+0x45b1c1], sa_mask[0]=11111111011111110111111111111111, sa_flags=SA_RESTART|SA_SIGINFO
SIGQUIT: [libjvm.dylib+0x45b1c1], sa_mask[0]=11111111011111110111111111111111, sa_flags=SA_RESTART|SA_SIGINFO


---------------  S Y S T E M  ---------------

OS:Bsduname:Darwin 18.7.0 Darwin Kernel Version 18.7.0: Tue Aug 20 16:57:14 PDT 2019; root:xnu-4903.271.2~2/RELEASE_X86_64 x86_64
rlimit: STACK 8192k, CORE 0k, NPROC 709, NOFILE 10240, AS infinity
load average:1.54 1.18 1.24

CPU:total 8 (initial active 8) (4 cores per cpu, 2 threads per core) family 6 model 142 stepping 10, cmov, cx8, fxsr, mmx, sse, sse2, sse3, ssse3, sse4.1, sse4.2, popcnt, avx, avx2, aes, clmul, erms, 3dnowpref, lzcnt, ht, tsc, tscinvbit, bmi1, bmi2, adx

Memory: 4k page, physical 8388608k(77800k free)

/proc/meminfo:


vm_info: OpenJDK 64-Bit Server VM (25.152-b26) for bsd-amd64 JRE (1.8.0_152-release-1343-b26), built on Nov 29 2018 18:37:41 by "builduser" with gcc 4.2.1 (Based on Apple Inc. build 5658) (LLVM build 2336.11.00)

time: Sat Nov  2 14:15:28 2019
elapsed time: 32157 seconds (0d 8h 55m 57s)

